TN:
SF:src/Hooks/useAboutMeScene.js
FN:34,useAboutMeScene
FN:37,(anonymous_1)
FN:51,(anonymous_2)
FN:68,(anonymous_3)
FN:77,(anonymous_4)
FN:85,(anonymous_5)
FNF:6
FNH:5
FNDA:32,useAboutMeScene
FNDA:31,(anonymous_1)
FNDA:22,(anonymous_2)
FNDA:15,(anonymous_3)
FNDA:0,(anonymous_4)
FNDA:22,(anonymous_5)
DA:35,32
DA:37,32
DA:38,31
DA:39,22
DA:40,22
DA:42,22
DA:43,22
DA:44,22
DA:51,22
DA:52,22
DA:53,19
DA:54,19
DA:55,19
DA:58,19
DA:59,19
DA:60,19
DA:68,19
DA:69,15
DA:70,15
DA:73,15
DA:76,19
DA:82,0
DA:85,22
DA:86,22
DA:87,22
DA:88,22
DA:89,22
DA:93,32
LF:28
LH:27
BRDA:38,0,0,9
BRDA:38,0,1,22
BRDA:40,1,0,0
BRDA:40,1,1,22
BRDA:52,2,0,3
BRDA:52,2,1,19
BRDA:54,3,0,0
BRDA:54,3,1,19
BRDA:58,4,0,19
BRDA:58,4,1,0
BRDA:60,5,0,4
BRDA:60,5,1,15
BRDA:69,6,0,15
BRDA:69,6,1,0
BRDA:69,7,0,15
BRDA:69,7,1,15
BRDA:70,8,0,15
BRDA:70,8,1,0
BRDA:70,9,0,15
BRDA:70,9,1,15
BRDA:87,10,0,19
BRDA:87,10,1,3
BRDA:88,11,0,19
BRDA:88,11,1,3
BRDA:88,12,0,22
BRDA:88,12,1,19
BRF:26
BRH:21
end_of_record
TN:
SF:src/Hooks/useBeaconPulse.js
FN:12,useBeaconPulse
FN:16,(anonymous_1)
FN:30,(anonymous_2)
FNF:3
FNH:3
FNDA:35,useBeaconPulse
FNDA:34,(anonymous_1)
FNDA:23,(anonymous_2)
DA:13,35
DA:14,35
DA:16,35
DA:17,34
DA:18,34
DA:20,24
DA:22,23
DA:23,23
DA:24,23
DA:26,23
DA:30,23
DA:31,23
DA:32,23
DA:33,23
LF:14
LH:14
BRDA:18,0,0,10
BRDA:18,0,1,24
BRDA:20,1,0,1
BRDA:20,1,1,23
BRDA:24,2,0,0
BRDA:24,2,1,23
BRDA:24,3,0,23
BRDA:24,3,1,23
BRDA:31,4,0,23
BRDA:31,4,1,0
BRF:10
BRH:8
end_of_record
TN:
SF:src/Hooks/useDeviceCapabilities.js
FN:35,useDeviceCapabilities
FN:39,(anonymous_1)
FN:44,(anonymous_2)
FN:52,(anonymous_3)
FN:55,(anonymous_4)
FN:58,(anonymous_5)
FN:61,(anonymous_6)
FN:67,(anonymous_7)
FN:77,(anonymous_8)
FN:83,(anonymous_9)
FN:87,(anonymous_10)
FN:92,(anonymous_11)
FN:95,(anonymous_12)
FNF:13
FNH:11
FNDA:17,useDeviceCapabilities
FNDA:11,(anonymous_1)
FNDA:11,(anonymous_2)
FNDA:11,(anonymous_3)
FNDA:0,(anonymous_4)
FNDA:11,(anonymous_5)
FNDA:0,(anonymous_6)
FNDA:11,(anonymous_7)
FNDA:11,(anonymous_8)
FNDA:6,(anonymous_9)
FNDA:6,(anonymous_10)
FNDA:11,(anonymous_11)
FNDA:17,(anonymous_12)
DA:5,2
DA:36,17
DA:37,17
DA:39,17
DA:40,11
DA:41,11
DA:44,17
DA:45,11
DA:46,11
DA:49,17
DA:52,17
DA:53,11
DA:54,11
DA:55,11
DA:56,11
DA:57,11
DA:58,11
DA:60,0
DA:61,0
DA:67,17
DA:68,11
DA:69,11
DA:70,11
DA:77,17
DA:78,11
DA:79,0
DA:81,11
DA:82,11
DA:83,11
DA:87,6
DA:88,6
DA:91,11
DA:92,11
DA:95,17
DA:96,17
DA:97,17
DA:98,17
DA:99,17
DA:100,17
DA:101,17
DA:102,17
LF:41
LH:38
BRDA:40,0,0,0
BRDA:40,0,1,11
BRDA:40,1,0,11
BRDA:40,1,1,11
BRDA:45,2,0,0
BRDA:45,2,1,11
BRDA:53,3,0,0
BRDA:53,3,1,11
BRDA:53,4,0,11
BRDA:53,4,1,11
BRDA:56,5,0,11
BRDA:56,5,1,0
BRDA:68,6,0,0
BRDA:68,6,1,11
BRDA:78,7,0,0
BRDA:78,7,1,11
BRDA:78,8,0,11
BRDA:78,8,1,11
BRDA:82,9,0,0
BRDA:82,9,1,11
BRDA:87,10,0,6
BRDA:87,10,1,0
BRDA:97,11,0,3
BRDA:97,11,1,14
BRDA:98,12,0,3
BRDA:98,12,1,14
BRDA:99,13,0,6
BRDA:99,13,1,11
BRDA:100,14,0,3
BRDA:100,14,1,14
BRDA:101,15,0,11
BRDA:101,15,1,6
BRF:32
BRH:24
end_of_record
TN:
SF:src/Hooks/useFadeInJobCards.js
FN:23,useFadeInJobCards
FNF:1
FNH:1
FNDA:3,useFadeInJobCards
DA:21,1
LF:1
LH:1
BRF:0
BRH:0
end_of_record
TN:
SF:src/Hooks/useFlipJobs.js
FN:21,useFlipJobs
FNF:1
FNH:1
FNDA:5,useFlipJobs
DA:19,1
LF:1
LH:1
BRF:0
BRH:0
end_of_record
TN:
SF:src/Hooks/useIsFeaturedJob.js
FN:8,findFeaturedIndex
FN:31,useIsFeaturedJob
FN:33,(anonymous_2)
FNF:3
FNH:3
FNDA:39,findFeaturedIndex
FNDA:35,useIsFeaturedJob
FNDA:38,(anonymous_2)
DA:9,39
DA:11,36
DA:12,36
DA:14,36
DA:15,51
DA:16,51
DA:17,28
DA:18,28
DA:22,36
DA:32,35
DA:33,38
DA:34,34
DA:35,33
LF:13
LH:13
BRDA:9,0,0,3
BRDA:9,0,1,36
BRDA:9,1,0,39
BRDA:9,1,1,37
BRDA:16,2,0,28
BRDA:16,2,1,23
BRDA:16,3,0,51
BRDA:16,3,1,51
BRDA:16,3,2,34
BRDA:32,4,0,1
BRDA:32,4,1,34
BRDA:32,5,0,35
BRDA:32,5,1,34
BRDA:33,6,0,38
BRDA:33,6,1,38
BRDA:34,7,0,1
BRDA:34,7,1,33
BRF:17
BRH:17
end_of_record
TN:
SF:src/Hooks/useIsMobile.js
FN:14,useIsMobile
FN:17,(anonymous_1)
FN:24,(anonymous_2)
FN:28,(anonymous_3)
FN:32,(anonymous_4)
FN:36,(anonymous_5)
FNF:6
FNH:5
FNDA:10,useIsMobile
FNDA:8,(anonymous_1)
FNDA:8,(anonymous_2)
FNDA:2,(anonymous_3)
FNDA:7,(anonymous_4)
FNDA:0,(anonymous_5)
DA:15,10
DA:17,10
DA:18,8
DA:19,7
DA:22,10
DA:24,10
DA:25,8
DA:26,7
DA:28,7
DA:30,7
DA:31,7
DA:32,7
DA:35,0
DA:36,0
DA:39,10
LF:15
LH:13
BRDA:18,0,0,1
BRDA:18,0,1,7
BRDA:18,1,0,8
BRDA:18,1,1,8
BRDA:25,2,0,1
BRDA:25,2,1,7
BRDA:25,3,0,8
BRDA:25,3,1,8
BRDA:30,4,0,7
BRDA:30,4,1,0
BRF:10
BRH:9
end_of_record
TN:
SF:src/Hooks/useJobDuration.js
FN:16,formatDuration
FN:60,parseISOMonth
FN:80,useJobDuration
FNF:3
FNH:3
FNDA:45,formatDuration
FNDA:56,parseISOMonth
FNDA:36,useJobDuration
DA:17,45
DA:22,44
DA:23,44
DA:24,44
DA:25,43
DA:26,31
DA:28,12
DA:30,43
DA:32,0
DA:35,42
DA:37,1
DA:40,42
DA:41,8
DA:44,34
DA:45,34
DA:47,34
DA:48,34
DA:50,34
DA:51,32
DA:52,32
DA:61,56
DA:62,56
DA:63,56
DA:64,54
DA:65,54
DA:66,54
DA:67,54
DA:81,36
DA:82,36
DA:86,7
DA:88,7
DA:90,7
LF:32
LH:31
BRDA:16,0,0,45
BRDA:17,1,0,1
BRDA:17,1,1,44
BRDA:17,2,0,45
BRDA:17,2,1,45
BRDA:24,3,0,1
BRDA:24,3,1,43
BRDA:25,4,0,31
BRDA:25,4,1,12
BRDA:25,5,0,43
BRDA:25,5,1,14
BRDA:30,6,0,1
BRDA:30,6,1,42
BRDA:35,7,0,1
BRDA:35,7,1,41
BRDA:35,8,0,42
BRDA:35,8,1,29
BRDA:40,9,0,8
BRDA:40,9,1,34
BRDA:45,10,0,1
BRDA:45,10,1,33
BRDA:50,11,0,2
BRDA:50,11,1,32
BRDA:51,12,0,0
BRDA:51,12,1,32
BRDA:61,13,0,0
BRDA:61,13,1,56
BRDA:63,14,0,2
BRDA:63,14,1,54
BRDA:66,15,0,0
BRDA:66,15,1,54
BRDA:66,16,0,54
BRDA:66,16,1,54
BRDA:86,17,0,7
BRDA:86,17,1,0
BRDA:86,18,0,7
BRDA:86,18,1,7
BRDA:88,19,0,7
BRDA:88,19,1,0
BRF:39
BRH:34
end_of_record
TN:
SF:src/Hooks/usePrefersReducedMotion.js
FN:10,usePrefersReducedMotion
FN:11,(anonymous_1)
FN:18,(anonymous_2)
FN:22,(anonymous_3)
FN:26,(anonymous_4)
FN:30,(anonymous_5)
FNF:6
FNH:5
FNDA:59,usePrefersReducedMotion
FNDA:56,(anonymous_1)
FNDA:56,(anonymous_2)
FNDA:1,(anonymous_3)
FNDA:55,(anonymous_4)
FNDA:0,(anonymous_5)
DA:11,59
DA:12,56
DA:13,55
DA:16,59
DA:18,59
DA:19,56
DA:20,55
DA:22,55
DA:24,55
DA:25,55
DA:26,55
DA:29,0
DA:30,0
DA:33,59
LF:14
LH:12
BRDA:12,0,0,1
BRDA:12,0,1,55
BRDA:12,1,0,56
BRDA:12,1,1,56
BRDA:19,2,0,1
BRDA:19,2,1,55
BRDA:19,3,0,56
BRDA:19,3,1,56
BRDA:24,4,0,55
BRDA:24,4,1,0
BRF:10
BRH:9
end_of_record
TN:
SF:src/Hooks/useSortJobs.js
FN:19,useSortJobs
FN:20,(anonymous_1)
FN:24,sortByCurrentAndDate
FN:25,(anonymous_3)
FNF:4
FNH:3
FNDA:4,useSortJobs
FNDA:4,(anonymous_1)
FNDA:4,sortByCurrentAndDate
FNDA:0,(anonymous_3)
DA:20,4
DA:21,4
DA:25,4
DA:26,0
DA:27,0
DA:28,0
LF:6
LH:3
BRDA:26,0,0,0
BRDA:26,0,1,0
BRDA:26,1,0,0
BRDA:26,1,1,0
BRDA:27,2,0,0
BRDA:27,2,1,0
BRDA:27,3,0,0
BRDA:27,3,1,0
BRF:8
BRH:0
end_of_record
TN:
SF:src/components/AboutMe/AboutMe3D.jsx
FN:27,AboutMe3D
FNF:1
FNH:1
FNDA:21,AboutMe3D
DA:38,21
DA:44,21
DA:46,21
DA:48,18
LF:4
LH:4
BRDA:46,0,0,3
BRDA:46,0,1,18
BRF:2
BRH:2
end_of_record
TN:
SF:src/components/AboutMe/AboutMeFallback.jsx
FN:12,AboutMeFallback
FN:38,(anonymous_1)
FN:48,(anonymous_2)
FNF:3
FNH:3
FNDA:49,AboutMeFallback
FNDA:196,(anonymous_1)
FNDA:343,(anonymous_2)
DA:13,49
DA:15,49
DA:38,196
DA:48,343
LF:4
LH:4
BRDA:12,0,0,49
BRDA:19,1,0,28
BRDA:19,1,1,21
BRF:3
BRH:3
end_of_record
TN:
SF:src/components/AboutMe/AboutMeSection.jsx
FN:32,AboutMeSection
FNF:1
FNH:1
FNDA:45,AboutMeSection
DA:33,45
DA:34,45
DA:39,45
DA:41,45
LF:4
LH:4
BRDA:45,0,0,27
BRDA:45,0,1,18
BRF:2
BRH:2
end_of_record
TN:
SF:src/components/AboutMe/three/AboutMeErrorBoundary.jsx
FN:14,_define_property
FN:19,getDerivedStateFromError
FN:23,componentDidCatch
FN:28,render
FNF:4
FNH:4
FNDA:21,_define_property
FNDA:3,getDerivedStateFromError
FNDA:1,componentDidCatch
FNDA:23,render
DA:16,22
DA:20,2
DA:25,1
DA:29,23
DA:30,21
LF:5
LH:5
BRDA:29,0,0,2
BRDA:29,0,1,21
BRF:2
BRH:2
end_of_record
TN:
SF:src/components/AboutMe/three/MouseInput.js
FN:92,constructor
FN:173,_attachListeners
FN:174,(anonymous_2)
FN:179,(anonymous_3)
FN:205,setMouse
FN:210,getMouse
FN:217,getTrail
FN:239,update
FN:294,_spawnTrailParticle
FN:312,dispose
FNF:10
FNH:10
FNDA:79,constructor
FNDA:21,_attachListeners
FNDA:6,(anonymous_2)
FNDA:4,(anonymous_3)
FNDA:15,setMouse
FNDA:57,getMouse
FNDA:64,getTrail
FNDA:112,update
FNDA:499,_spawnTrailParticle
FNDA:47,dispose
DA:46,3
DA:49,3
DA:52,3
DA:56,3
DA:61,3
DA:79,3
DA:93,79
DA:94,79
DA:95,79
DA:96,79
DA:100,79
DA:107,79
DA:110,79
DA:111,79
DA:112,79
DA:115,79
DA:116,79
DA:121,79
DA:122,3950
DA:129,79
DA:130,79
DA:134,79
DA:145,79
DA:157,79
DA:158,79
DA:165,79
DA:166,21
DA:174,21
DA:175,6
DA:176,6
DA:177,6
DA:179,21
DA:180,4
DA:181,2
DA:182,2
DA:183,2
DA:184,2
DA:191,21
DA:192,21
DA:193,21
DA:195,21
DA:206,15
DA:207,15
DA:211,57
DA:218,64
DA:240,112
DA:244,111
DA:245,38
DA:246,38
DA:254,111
DA:255,111
DA:256,5550
DA:274,111
DA:275,111
DA:276,111
DA:277,499
DA:279,111
DA:280,111
DA:285,111
DA:286,111
DA:288,111
DA:295,499
DA:298,499
DA:299,499
DA:300,499
DA:301,499
DA:302,499
DA:313,47
DA:314,60
DA:316,47
DA:317,47
DA:318,47
LF:72
LH:72
BRDA:92,0,0,79
BRDA:92,1,0,79
BRDA:92,2,0,79
BRDA:149,3,0,79
BRDA:149,3,1,0
BRDA:165,4,0,21
BRDA:165,4,1,58
BRDA:165,5,0,79
BRDA:165,5,1,77
BRDA:180,6,0,2
BRDA:180,6,1,2
BRDA:180,7,0,4
BRDA:180,7,1,4
BRDA:239,8,0,112
BRDA:240,9,0,1
BRDA:240,9,1,111
BRDA:244,10,0,38
BRDA:244,10,1,73
BRF:18
BRH:17
end_of_record
TN:
SF:src/components/AboutMe/three/ParticleSystem.js
FN:70,constructor
FN:84,(anonymous_1)
FN:141,setWordIndex
FN:192,setMorphProgress
FN:202,setUniforms
FN:228,dispose
FNF:6
FNH:6
FNDA:75,constructor
FNDA:600,(anonymous_1)
FNDA:57,setWordIndex
FNDA:54,setMorphProgress
FNDA:51,setUniforms
FNDA:22,dispose
DA:30,3
DA:35,3
DA:36,3
DA:37,3
DA:38,3
DA:46,3
DA:58,3
DA:59,3
DA:60,3
DA:67,3
DA:71,75
DA:72,75
DA:73,75
DA:74,75
DA:75,75
DA:84,600
DA:91,75
DA:92,75
DA:93,75
DA:95,75
DA:99,225000
DA:100,225000
DA:101,225000
DA:103,225000
DA:110,75
DA:111,75
DA:112,75
DA:113,75
DA:115,75
DA:122,75
DA:138,75
DA:146,57
DA:147,24
DA:151,24
DA:152,1
DA:153,1
DA:154,1
DA:164,23
DA:165,23
DA:166,0
DA:167,0
DA:168,0
DA:171,23
DA:172,69000
DA:173,69000
DA:174,69000
DA:175,69000
DA:183,69000
DA:184,69000
DA:187,69000
DA:189,23
DA:197,54
DA:198,54
DA:199,54
DA:207,51
DA:208,51
DA:210,51
DA:216,50
DA:217,50
DA:218,50
DA:219,18
DA:220,18
DA:221,18
DA:223,50
DA:224,50
DA:234,22
DA:235,22
LF:67
LH:64
BRDA:70,0,0,75
BRDA:70,1,0,75
BRDA:146,2,0,33
BRDA:146,2,1,24
BRDA:151,3,0,1
BRDA:151,3,1,23
BRDA:151,4,0,24
BRDA:151,4,1,23
BRDA:165,5,0,0
BRDA:165,5,1,23
BRDA:165,6,0,23
BRDA:165,6,1,23
BRDA:184,7,0,23000
BRDA:184,7,1,46000
BRDA:186,8,0,23000
BRDA:186,8,1,23000
BRDA:202,9,0,51
BRDA:207,10,0,51
BRDA:207,10,1,0
BRDA:210,11,0,50
BRDA:210,11,1,1
BRDA:218,12,0,18
BRDA:218,12,1,32
BRDA:218,13,0,50
BRDA:218,13,1,23
BRF:25
BRH:23
end_of_record
TN:
SF:src/components/AboutMe/three/PortraitMesh.js
FN:88,createPortraitShape
FN:109,constructor
FN:167,_loadTexture
FN:169,(anonymous_3)
FN:187,setUniforms
FN:207,dispose
FNF:6
FNH:6
FNDA:69,createPortraitShape
FNDA:69,constructor
FNDA:69,_loadTexture
FNDA:69,(anonymous_3)
FNDA:50,setUniforms
FNDA:2,dispose
DA:51,3
DA:52,3
DA:53,3
DA:64,3
DA:65,3
DA:66,3
DA:67,3
DA:68,3
DA:69,3
DA:70,3
DA:75,3
DA:76,3
DA:77,3
DA:83,3
DA:89,69
DA:90,69
DA:91,69
DA:92,69
DA:96,69
DA:97,69
DA:98,69
DA:99,69
DA:100,69
DA:101,69
DA:102,69
DA:103,69
DA:104,69
DA:105,69
DA:110,69
DA:115,69
DA:116,69
DA:123,69
DA:128,69
DA:148,69
DA:158,69
DA:159,69
DA:164,69
DA:168,69
DA:169,69
DA:170,69
DA:173,69
DA:174,69
DA:178,69
DA:179,69
DA:196,50
DA:197,50
DA:198,50
DA:199,49
DA:201,50
DA:202,50
DA:203,50
DA:204,50
DA:211,2
DA:212,2
DA:213,2
DA:214,2
LF:56
LH:56
BRDA:187,0,0,50
BRDA:188,1,0,50
BRDA:189,2,0,50
BRDA:190,3,0,50
BRDA:191,4,0,50
BRDA:192,5,0,50
BRDA:193,6,0,50
BRDA:194,7,0,50
BRDA:198,8,0,49
BRDA:198,8,1,1
BRDA:198,9,0,50
BRDA:198,9,1,49
BRDA:198,9,2,49
BRDA:214,10,0,1
BRDA:214,10,1,1
BRF:15
BRH:15
end_of_record
TN:
SF:src/components/AboutMe/three/PostProcessing.js
FN:96,constructor
FN:141,setSize
FN:153,render
FN:161,dispose
FNF:4
FNH:4
FNDA:16,constructor
FNDA:2,setSize
FNDA:2,render
FNDA:1,dispose
DA:51,1
DA:67,1
DA:76,1
DA:86,1
DA:97,16
DA:98,16
DA:99,16
DA:100,16
DA:101,16
DA:106,16
DA:107,16
DA:112,16
DA:113,16
DA:120,16
DA:126,16
DA:129,16
DA:130,16
DA:133,16
DA:134,16
DA:137,16
DA:138,16
DA:147,2
DA:148,2
DA:149,2
DA:150,2
DA:158,2
DA:164,1
LF:27
LH:27
BRDA:96,0,0,16
BRDA:96,1,0,16
BRDA:96,2,0,16
BRF:3
BRH:3
end_of_record
TN:
SF:src/components/AboutMe/three/Scene.js
FN:55,constructor
FN:69,init
FN:197,setSize
FN:208,update
FN:337,dispose
FN:396,(anonymous_5)
FN:402,(anonymous_6)
FNF:7
FNH:7
FNDA:55,constructor
FNDA:57,init
FNDA:3,setSize
FNDA:48,update
FNDA:25,dispose
FNDA:184,(anonymous_5)
FNDA:92,(anonymous_6)
DA:56,55
DA:57,55
DA:58,55
DA:59,55
DA:60,55
DA:61,55
DA:62,55
DA:63,55
DA:64,55
DA:65,55
DA:66,55
DA:70,57
DA:71,55
DA:73,55
DA:76,57
DA:77,57
DA:80,57
DA:99,57
DA:100,57
DA:103,57
DA:104,57
DA:107,57
DA:108,57
DA:109,57
DA:112,57
DA:113,57
DA:114,57
DA:115,57
DA:116,57
DA:117,57
DA:118,57
DA:121,57
DA:122,57
DA:131,57
DA:132,57
DA:137,57
DA:145,57
DA:165,57
DA:168,57
DA:174,57
DA:183,57
DA:184,55
DA:198,3
DA:199,3
DA:200,3
DA:201,3
DA:202,3
DA:203,3
DA:204,3
DA:209,48
DA:210,48
DA:263,48
DA:264,48
DA:266,48
DA:267,48
DA:270,48
DA:283,48
DA:284,48
DA:313,48
DA:314,48
DA:315,48
DA:316,48
DA:317,48
DA:318,48
DA:319,48
DA:320,48
DA:321,48
DA:322,48
DA:324,48
DA:325,48
DA:327,48
DA:328,48
DA:344,25
DA:355,23
DA:356,23
DA:360,23
DA:361,23
DA:366,23
DA:367,23
DA:371,23
DA:372,23
DA:376,23
DA:377,23
DA:378,23
DA:384,23
DA:385,23
DA:389,23
DA:396,23
DA:397,184
DA:398,69
DA:400,184
DA:401,69
DA:402,69
DA:403,92
DA:409,23
DA:410,22
DA:413,23
LF:97
LH:97
BRDA:55,0,0,55
BRDA:70,1,0,2
BRDA:70,1,1,55
BRDA:73,2,0,55
BRDA:73,2,1,0
BRDA:74,3,0,55
BRDA:74,3,1,0
BRDA:76,4,0,57
BRDA:76,4,1,55
BRDA:76,4,2,0
BRDA:77,5,0,57
BRDA:77,5,1,55
BRDA:77,5,2,0
BRDA:165,6,0,57
BRDA:165,6,1,55
BRDA:165,6,2,55
BRDA:183,7,0,55
BRDA:183,7,1,2
BRDA:183,8,0,57
BRDA:183,8,1,55
BRDA:198,9,0,0
BRDA:198,9,1,3
BRDA:203,10,0,3
BRDA:203,10,1,0
BRDA:203,11,0,3
BRDA:203,11,1,3
BRDA:209,12,0,0
BRDA:209,12,1,48
BRDA:263,13,0,48
BRDA:263,13,1,0
BRDA:263,14,0,48
BRDA:263,14,1,48
BRDA:266,15,0,48
BRDA:266,15,1,0
BRDA:266,16,0,48
BRDA:266,16,1,48
BRDA:267,17,0,48
BRDA:267,17,1,0
BRDA:267,18,0,48
BRDA:267,18,1,48
BRDA:283,19,0,48
BRDA:283,19,1,0
BRDA:283,20,0,48
BRDA:283,20,1,48
BRDA:324,21,0,48
BRDA:324,21,1,0
BRDA:324,22,0,48
BRDA:324,22,1,48
BRDA:327,23,0,48
BRDA:327,23,1,0
BRDA:327,24,0,48
BRDA:327,24,1,48
BRDA:344,25,0,2
BRDA:344,25,1,23
BRDA:355,26,0,23
BRDA:355,26,1,0
BRDA:355,27,0,23
BRDA:355,27,1,23
BRDA:360,28,0,23
BRDA:360,28,1,0
BRDA:360,29,0,23
BRDA:360,29,1,23
BRDA:361,30,0,23
BRDA:361,30,1,0
BRDA:366,31,0,23
BRDA:366,31,1,0
BRDA:367,32,0,23
BRDA:367,32,1,0
BRDA:371,33,0,23
BRDA:371,33,1,0
BRDA:371,34,0,23
BRDA:371,34,1,23
BRDA:376,35,0,23
BRDA:376,35,1,0
BRDA:376,36,0,23
BRDA:376,36,1,23
BRDA:377,37,0,23
BRDA:377,37,1,0
BRDA:378,38,0,23
BRDA:378,38,1,0
BRDA:384,39,0,23
BRDA:384,39,1,0
BRDA:384,40,0,23
BRDA:384,40,1,23
BRDA:397,41,0,69
BRDA:397,41,1,115
BRDA:397,42,0,184
BRDA:397,42,1,69
BRDA:400,43,0,69
BRDA:400,43,1,115
BRDA:401,44,0,23
BRDA:401,44,1,46
BRDA:403,45,0,92
BRDA:403,45,1,0
BRDA:403,46,0,92
BRDA:403,46,1,92
BRDA:409,47,0,22
BRDA:409,47,1,1
BRDA:409,48,0,23
BRDA:409,48,1,23
BRF:100
BRH:76
end_of_record
TN:
SF:src/components/AboutMe/three/TextSampler.js
FN:41,sample
FNF:1
FNH:1
FNDA:447,sample
DA:46,447
DA:48,447
DA:55,446
DA:56,446
DA:57,446
DA:58,446
DA:61,446
DA:62,446
DA:63,446
DA:64,446
DA:65,446
DA:66,446
DA:67,446
DA:70,446
DA:80,446
DA:81,446
DA:82,446
DA:83,57024
DA:84,29179904
DA:85,29179904
DA:86,12587576
DA:87,12587576
DA:88,12587576
DA:93,446
LF:24
LH:24
BRDA:41,0,0,447
BRDA:43,1,0,447
BRDA:44,2,0,447
BRDA:45,3,0,447
BRDA:48,4,0,1
BRDA:48,4,1,446
BRDA:85,5,0,12587576
BRDA:85,5,1,16592328
BRF:8
BRH:8
end_of_record
TN:
SF:src/components/AboutMe/three/shaders/chromaticAberration.frag.glsl
FNF:0
FNH:0
LF:0
LH:0
BRF:0
BRH:0
end_of_record
TN:
SF:src/components/AboutMe/three/shaders/filmGrain.frag.glsl
FNF:0
FNH:0
LF:0
LH:0
BRF:0
BRH:0
end_of_record
TN:
SF:src/components/AboutMe/three/shaders/noise.glsl
FNF:0
FNH:0
LF:0
LH:0
BRF:0
BRH:0
end_of_record
TN:
SF:src/components/AboutMe/three/shaders/particle.frag.glsl
FNF:0
FNH:0
LF:0
LH:0
BRF:0
BRH:0
end_of_record
TN:
SF:src/components/AboutMe/three/shaders/particle.vert.glsl
FNF:0
FNH:0
LF:0
LH:0
BRF:0
BRH:0
end_of_record
TN:
SF:src/components/AboutMe/three/shaders/portrait.frag.glsl
FNF:0
FNH:0
LF:0
LH:0
BRF:0
BRH:0
end_of_record
TN:
SF:src/components/AboutMe/three/shaders/portrait.vert.glsl
FNF:0
FNH:0
LF:0
LH:0
BRF:0
BRH:0
end_of_record
TN:
SF:src/components/AboutMe/three/shaders/vignette.frag.glsl
FNF:0
FNH:0
LF:0
LH:0
BRF:0
BRH:0
end_of_record
TN:
SF:src/components/JobCard/JobCard.jsx
FN:36,JobCard
FN:48,(anonymous_1)
FN:55,(anonymous_2)
FN:56,(anonymous_3)
FNF:4
FNH:4
FNDA:31,JobCard
FNDA:30,(anonymous_1)
FNDA:1,(anonymous_2)
FNDA:1,(anonymous_3)
DA:42,31
DA:43,31
DA:44,31
DA:46,31
DA:47,31
DA:48,30
DA:53,31
DA:55,31
DA:56,1
DA:59,31
DA:60,31
DA:62,31
LF:12
LH:12
BRDA:39,0,0,31
BRDA:40,1,0,31
BRDA:48,2,0,30
BRDA:48,2,1,19
BRDA:77,3,0,31
BRDA:77,3,1,22
BRDA:98,4,0,31
BRDA:98,4,1,20
BRDA:111,5,0,31
BRDA:111,5,1,22
BRDA:111,6,0,31
BRDA:111,6,1,0
BRF:12
BRH:11
end_of_record
TN:
SF:src/components/JobCard/JobCardAchievements.jsx
FN:24,JobCardAchievements
FN:35,(anonymous_1)
FN:56,(anonymous_2)
FN:70,(anonymous_3)
FN:75,(anonymous_4)
FN:81,(anonymous_5)
FN:84,(anonymous_6)
FN:99,(anonymous_7)
FNF:8
FNH:7
FNDA:27,JobCardAchievements
FNDA:27,(anonymous_1)
FNDA:0,(anonymous_2)
FNDA:1,(anonymous_3)
FNDA:1,(anonymous_4)
FNDA:27,(anonymous_5)
FNDA:4,(anonymous_6)
FNDA:55,(anonymous_7)
DA:31,27
DA:32,27
DA:35,27
DA:36,27
DA:37,27
DA:39,25
DA:41,0
DA:42,0
DA:45,25
DA:47,4
DA:48,4
DA:49,4
DA:56,0
DA:59,21
DA:66,25
DA:70,27
DA:71,1
DA:72,1
DA:73,1
DA:75,1
DA:76,1
DA:81,27
DA:82,27
DA:83,4
DA:84,4
DA:87,27
DA:89,25
DA:99,55
LF:28
LH:25
BRDA:37,0,0,2
BRDA:37,0,1,25
BRDA:39,1,0,0
BRDA:39,1,1,25
BRDA:41,2,0,0
BRDA:41,2,1,0
BRDA:45,3,0,4
BRDA:45,3,1,21
BRDA:71,4,0,1
BRDA:71,4,1,0
BRDA:71,5,0,1
BRDA:71,5,1,1
BRDA:73,6,0,1
BRDA:73,6,1,1
BRDA:76,7,0,0
BRDA:76,7,1,1
BRDA:82,8,0,23
BRDA:82,8,1,4
BRDA:87,9,0,2
BRDA:87,9,1,25
BRDA:87,10,0,27
BRDA:87,10,1,26
BRF:22
BRH:17
end_of_record
TN:
SF:src/components/JobCard/JobCardDescription.jsx
FN:10,JobCardDescription
FN:13,(anonymous_1)
FNF:2
FNH:2
FNDA:33,JobCardDescription
FNDA:61,(anonymous_1)
DA:11,33
DA:13,61
LF:2
LH:2
BRF:0
BRH:0
end_of_record
TN:
SF:src/components/JobCard/JobCardFooter.jsx
FN:16,JobCardFooter
FN:32,(anonymous_1)
FNF:2
FNH:2
FNDA:38,JobCardFooter
FNDA:42,(anonymous_1)
DA:25,38
DA:26,38
DA:28,38
DA:32,42
LF:4
LH:4
BRDA:22,0,0,38
BRDA:23,1,0,38
BRDA:25,2,0,38
BRDA:25,2,1,27
BRDA:30,3,0,38
BRDA:30,3,1,26
BRDA:30,3,2,26
BRDA:38,4,0,38
BRDA:38,4,1,27
BRDA:38,4,2,0
BRDA:38,4,3,0
BRDA:38,4,4,27
BRDA:40,5,0,27
BRDA:40,5,1,27
BRDA:43,6,0,27
BRDA:43,6,1,7
BRDA:46,7,0,27
BRDA:46,7,1,0
BRDA:52,8,0,38
BRDA:52,8,1,26
BRDA:62,9,0,2
BRDA:62,9,1,24
BRDA:69,10,0,2
BRDA:69,10,1,24
BRF:24
BRH:21
end_of_record
TN:
SF:src/components/JobCard/JobCardHeader.jsx
FN:16,JobCardHeader
FNF:1
FNH:1
FNDA:40,JobCardHeader
DA:17,40
DA:18,40
DA:20,40
DA:32,4
LF:4
LH:4
BRDA:17,0,0,40
BRDA:17,0,1,0
BRDA:18,1,0,40
BRDA:18,1,1,0
BRF:4
BRH:2
end_of_record
TN:
SF:src/components/JobCard/JobCardLogo.jsx
FN:11,getInitials
FN:17,(anonymous_1)
FN:28,JobCardLogo
FN:41,(anonymous_3)
FNF:4
FNH:4
FNDA:38,getInitials
FNDA:73,(anonymous_1)
FNDA:38,JobCardLogo
FNDA:1,(anonymous_3)
DA:12,38
DA:13,37
DA:17,73
DA:29,38
DA:30,38
DA:31,38
DA:33,38
DA:41,1
LF:8
LH:8
BRDA:12,0,0,1
BRDA:12,0,1,37
BRDA:30,1,0,38
BRDA:30,1,1,5
BRDA:35,2,0,38
BRDA:35,2,1,4
BRDA:44,3,0,38
BRDA:44,3,1,4
BRDA:44,3,2,34
BRF:9
BRH:9
end_of_record
TN:
SF:src/components/JobCard/JobCardMeta.jsx
FN:13,JobCardMeta
FNF:1
FNH:1
FNDA:36,JobCardMeta
DA:14,36
DA:16,36
LF:2
LH:2
BRDA:26,0,0,36
BRDA:26,0,1,35
BRF:2
BRH:2
end_of_record
TN:
SF:src/components/JobCard/JobCardStack.jsx
FN:22,JobCardStack
FN:30,(anonymous_1)
FNF:2
FNH:2
FNDA:26,JobCardStack
FNDA:48,(anonymous_1)
DA:23,26
DA:25,26
DA:27,24
DA:28,26
DA:31,48
DA:32,48
DA:33,48
LF:7
LH:7
BRDA:23,0,0,26
BRDA:23,0,1,1
BRDA:25,1,0,2
BRDA:25,1,1,24
BRDA:27,2,0,22
BRDA:27,2,1,2
BRDA:31,3,0,48
BRDA:31,3,1,0
BRF:8
BRH:7
end_of_record
TN:
SF:src/components/JobsCards/JobsCards.jsx
FN:19,JobsCards
FN:56,(anonymous_1)
FNF:2
FNH:2
FNDA:3,JobsCards
FNDA:4,(anonymous_1)
DA:20,3
DA:21,3
DA:25,3
DA:26,3
DA:28,3
DA:29,1
DA:43,2
DA:45,3
DA:56,4
LF:9
LH:9
BRDA:28,0,0,1
BRDA:28,0,1,2
BRDA:28,1,0,3
BRDA:28,1,1,3
BRDA:43,2,0,0
BRDA:43,2,1,2
BRF:6
BRH:5
end_of_record
TN:
SF:src/components/ProjectsCards/ProjectsCards.jsx
FN:63,TechsIcons
FN:95,ProjectCard
FN:134,(anonymous_2)
FN:214,(anonymous_3)
FN:225,(anonymous_4)
FN:247,ProjectsCards
FN:252,(anonymous_6)
FN:257,(anonymous_7)
FN:267,(anonymous_8)
FNF:9
FNH:7
FNDA:23,TechsIcons
FNDA:23,ProjectCard
FNDA:34,(anonymous_2)
FNDA:2,(anonymous_3)
FNDA:0,(anonymous_4)
FNDA:20,ProjectsCards
FNDA:2,(anonymous_6)
FNDA:0,(anonymous_7)
FNDA:23,(anonymous_8)
DA:64,23
DA:65,23
DA:67,23
DA:68,23
DA:69,49
DA:70,49
DA:71,49
DA:72,49
DA:73,49
DA:85,23
DA:103,23
DA:104,23
DA:108,23
DA:134,34
DA:214,2
DA:225,0
DA:248,20
DA:249,20
DA:250,20
DA:252,20
DA:253,2
DA:254,2
DA:257,20
DA:258,0
DA:259,0
DA:262,20
DA:267,23
LF:27
LH:24
BRDA:69,0,0,0
BRDA:69,0,1,49
BRDA:71,1,0,49
BRDA:71,1,1,3
BRDA:72,2,0,2
BRDA:72,2,1,47
BRDA:78,3,0,2
BRDA:78,3,1,47
BRDA:79,4,0,1
BRDA:79,4,1,48
BRDA:79,5,0,49
BRDA:79,5,1,3
BRDA:103,6,0,23
BRDA:103,6,1,0
BRDA:105,7,0,23
BRDA:105,7,1,6
BRDA:105,7,2,2
BRDA:105,7,3,2
BRDA:128,8,0,23
BRDA:128,8,1,23
BRDA:132,9,0,23
BRDA:132,9,1,23
BRDA:132,9,2,22
BRDA:141,10,0,23
BRDA:141,10,1,23
BRDA:141,11,0,23
BRDA:141,11,1,0
BRDA:151,12,0,23
BRDA:151,12,1,21
BRDA:157,13,0,21
BRDA:157,13,1,17
BRDA:170,14,0,21
BRDA:170,14,1,16
BRDA:183,15,0,21
BRDA:183,15,1,15
BRDA:198,16,0,21
BRDA:198,16,1,18
BRDA:223,17,0,23
BRDA:223,17,1,2
BRDA:253,18,0,0
BRDA:253,18,1,2
BRDA:259,19,0,0
BRDA:259,19,1,0
BRDA:276,20,0,20
BRDA:276,20,1,2
BRF:45
BRH:39
end_of_record
